<?xml version="1.0" encoding="UTF-8"?>
<testng-results ignored="0" total="3" passed="3" failed="0" skipped="0">
  <reporter-output>
  </reporter-output>
  <suite started-at="2021-03-26T20:03:36 IST" name="Suite" finished-at="2021-03-26T20:08:43 IST" duration-ms="306551">
    <groups>
    </groups>
    <test started-at="2021-03-26T20:03:36 IST" name="Test" finished-at="2021-03-26T20:08:43 IST" duration-ms="306551">
      <class name="scripts.DeliveryProduct">
        <test-method is-config="true" signature="openapp()[pri:0, instance:scripts.DeliveryProduct@1fe20588]" started-at="2021-03-26T20:03:37 IST" name="openapp" finished-at="2021-03-26T20:04:16 IST" duration-ms="39613" status="PASS">
          <reporter-output>
          </reporter-output>
        </test-method> <!-- openapp -->
        <test-method signature="delivery()[pri:0, instance:scripts.DeliveryProduct@1fe20588]" started-at="2021-03-26T20:04:16 IST" name="delivery" finished-at="2021-03-26T20:05:04 IST" duration-ms="47814" status="PASS">
          <reporter-output>
          </reporter-output>
        </test-method> <!-- delivery -->
        <test-method is-config="true" signature="closeapp(org.testng.ITestResult)[pri:0, instance:scripts.DeliveryProduct@1fe20588]" started-at="2021-03-26T20:05:04 IST" name="closeapp" finished-at="2021-03-26T20:05:07 IST" duration-ms="2775" status="PASS">
          <params>
            <param index="0">
              <value>
                <![CDATA[[TestResult name=delivery status=SUCCESS method=DeliveryProduct.delivery()[pri:0, instance:scripts.DeliveryProduct@1fe20588] output={null}]]]>
              </value>
            </param>
          </params>
          <reporter-output>
          </reporter-output>
        </test-method> <!-- closeapp -->
      </class> <!-- scripts.DeliveryProduct -->
      <class name="scripts.AddingProductTocart">
        <test-method is-config="true" signature="openapp()[pri:0, instance:scripts.AddingProductTocart@6973bf95]" started-at="2021-03-26T20:07:40 IST" name="openapp" finished-at="2021-03-26T20:08:04 IST" duration-ms="23411" status="PASS">
          <reporter-output>
          </reporter-output>
        </test-method> <!-- openapp -->
        <test-method signature="addtocart()[pri:0, instance:scripts.AddingProductTocart@6973bf95]" started-at="2021-03-26T20:08:04 IST" name="addtocart" finished-at="2021-03-26T20:08:42 IST" duration-ms="37673" status="PASS">
          <reporter-output>
          </reporter-output>
        </test-method> <!-- addtocart -->
        <test-method is-config="true" signature="closeapp(org.testng.ITestResult)[pri:0, instance:scripts.AddingProductTocart@6973bf95]" started-at="2021-03-26T20:08:42 IST" name="closeapp" finished-at="2021-03-26T20:08:43 IST" duration-ms="1470" status="PASS">
          <params>
            <param index="0">
              <value>
                <![CDATA[[TestResult name=addtocart status=SUCCESS method=AddingProductTocart.addtocart()[pri:0, instance:scripts.AddingProductTocart@6973bf95] output={null}]]]>
              </value>
            </param>
          </params>
          <reporter-output>
          </reporter-output>
        </test-method> <!-- closeapp -->
      </class> <!-- scripts.AddingProductTocart -->
      <class name="scripts.DownloadProductDetails">
        <test-method is-config="true" signature="openapp()[pri:0, instance:scripts.DownloadProductDetails@6ce139a4]" started-at="2021-03-26T20:05:07 IST" name="openapp" finished-at="2021-03-26T20:05:48 IST" duration-ms="40791" status="PASS">
          <reporter-output>
          </reporter-output>
        </test-method> <!-- openapp -->
        <test-method signature="downloaddetails()[pri:0, instance:scripts.DownloadProductDetails@6ce139a4]" started-at="2021-03-26T20:05:48 IST" name="downloaddetails" finished-at="2021-03-26T20:07:39 IST" duration-ms="111201" status="PASS">
          <reporter-output>
          </reporter-output>
        </test-method> <!-- downloaddetails -->
        <test-method is-config="true" signature="closeapp(org.testng.ITestResult)[pri:0, instance:scripts.DownloadProductDetails@6ce139a4]" started-at="2021-03-26T20:07:39 IST" name="closeapp" finished-at="2021-03-26T20:07:40 IST" duration-ms="1491" status="PASS">
          <params>
            <param index="0">
              <value>
                <![CDATA[[TestResult name=downloaddetails status=SUCCESS method=DownloadProductDetails.downloaddetails()[pri:0, instance:scripts.DownloadProductDetails@6ce139a4] output={null}]]]>
              </value>
            </param>
          </params>
          <reporter-output>
          </reporter-output>
        </test-method> <!-- closeapp -->
      </class> <!-- scripts.DownloadProductDetails -->
    </test> <!-- Test -->
  </suite> <!-- Suite -->
</testng-results>
