<?xml version="1.0" encoding="UTF-8"?>
<!-- Generated by org.testng.reporters.JUnitXMLReporter -->
<testsuite ignored="0" hostname="Mahesh-PC" failures="0" tests="3" name="Test" time="306.551" errors="0" timestamp="2021-03-26T20:08:44 IST">
  <testcase classname="scripts.DeliveryProduct" name="delivery" time="47.814"/>
  <testcase classname="scripts.DownloadProductDetails" name="downloaddetails" time="111.201"/>
  <testcase classname="scripts.AddingProductTocart" name="addtocart" time="37.673"/>
</testsuite> <!-- Test -->
